  main.cpp
soil2-debug.lib(SOIL2.obj) : warning LNK4075: ignoring '/EDITANDCONTINUE' due to '/OPT:ICF' specification
LINK : warning LNK4098: defaultlib 'MSVCRTD' conflicts with use of other libs; use /NODEFAULTLIB:library
  Generating code
  Previous IPDB and IOBJ mismatch, fall back to full compilation.
  All 897 functions were compiled because no usable IPDB/IOBJ from previous compilation was found.
  Finished generating code
glfw3.lib(context.obj) : warning LNK4099: PDB 'glfw3.pdb' was not found with 'glfw3.lib(context.obj)' or at 'F:\SunEarthMoon\x64\Release\glfw3.pdb'; linking object as if no debug info
glfw3.lib(init.obj) : warning LNK4099: PDB 'glfw3.pdb' was not found with 'glfw3.lib(init.obj)' or at 'F:\SunEarthMoon\x64\Release\glfw3.pdb'; linking object as if no debug info
glfw3.lib(input.obj) : warning LNK4099: PDB 'glfw3.pdb' was not found with 'glfw3.lib(input.obj)' or at 'F:\SunEarthMoon\x64\Release\glfw3.pdb'; linking object as if no debug info
glfw3.lib(monitor.obj) : warning LNK4099: PDB 'glfw3.pdb' was not found with 'glfw3.lib(monitor.obj)' or at 'F:\SunEarthMoon\x64\Release\glfw3.pdb'; linking object as if no debug info
glfw3.lib(vulkan.obj) : warning LNK4099: PDB 'glfw3.pdb' was not found with 'glfw3.lib(vulkan.obj)' or at 'F:\SunEarthMoon\x64\Release\glfw3.pdb'; linking object as if no debug info
glfw3.lib(window.obj) : warning LNK4099: PDB 'glfw3.pdb' was not found with 'glfw3.lib(window.obj)' or at 'F:\SunEarthMoon\x64\Release\glfw3.pdb'; linking object as if no debug info
glfw3.lib(win32_init.obj) : warning LNK4099: PDB 'glfw3.pdb' was not found with 'glfw3.lib(win32_init.obj)' or at 'F:\SunEarthMoon\x64\Release\glfw3.pdb'; linking object as if no debug info
glfw3.lib(win32_joystick.obj) : warning LNK4099: PDB 'glfw3.pdb' was not found with 'glfw3.lib(win32_joystick.obj)' or at 'F:\SunEarthMoon\x64\Release\glfw3.pdb'; linking object as if no debug info
glfw3.lib(win32_monitor.obj) : warning LNK4099: PDB 'glfw3.pdb' was not found with 'glfw3.lib(win32_monitor.obj)' or at 'F:\SunEarthMoon\x64\Release\glfw3.pdb'; linking object as if no debug info
glfw3.lib(win32_time.obj) : warning LNK4099: PDB 'glfw3.pdb' was not found with 'glfw3.lib(win32_time.obj)' or at 'F:\SunEarthMoon\x64\Release\glfw3.pdb'; linking object as if no debug info
glfw3.lib(win32_thread.obj) : warning LNK4099: PDB 'glfw3.pdb' was not found with 'glfw3.lib(win32_thread.obj)' or at 'F:\SunEarthMoon\x64\Release\glfw3.pdb'; linking object as if no debug info
glfw3.lib(win32_window.obj) : warning LNK4099: PDB 'glfw3.pdb' was not found with 'glfw3.lib(win32_window.obj)' or at 'F:\SunEarthMoon\x64\Release\glfw3.pdb'; linking object as if no debug info
glfw3.lib(wgl_context.obj) : warning LNK4099: PDB 'glfw3.pdb' was not found with 'glfw3.lib(wgl_context.obj)' or at 'F:\SunEarthMoon\x64\Release\glfw3.pdb'; linking object as if no debug info
glfw3.lib(egl_context.obj) : warning LNK4099: PDB 'glfw3.pdb' was not found with 'glfw3.lib(egl_context.obj)' or at 'F:\SunEarthMoon\x64\Release\glfw3.pdb'; linking object as if no debug info
glfw3.lib(osmesa_context.obj) : warning LNK4099: PDB '' was not found with 'glfw3.lib(osmesa_context.obj)' or at ''; linking object as if no debug info
soil2-debug.lib(SOIL2.obj) : warning LNK4099: PDB 'soil2-debug.pdb' was not found with 'soil2-debug.lib(SOIL2.obj)' or at 'F:\SunEarthMoon\x64\Release\soil2-debug.pdb'; linking object as if no debug info
soil2-debug.lib(image_DXT.obj) : warning LNK4099: PDB '' was not found with 'soil2-debug.lib(image_DXT.obj)' or at ''; linking object as if no debug info
soil2-debug.lib(image_helper.obj) : warning LNK4099: PDB 'soil2-debug.pdb' was not found with 'soil2-debug.lib(image_helper.obj)' or at 'F:\SunEarthMoon\x64\Release\soil2-debug.pdb'; linking object as if no debug info
soil2-debug.lib(wfETC.obj) : warning LNK4099: PDB 'soil2-debug.pdb' was not found with 'soil2-debug.lib(wfETC.obj)' or at 'F:\SunEarthMoon\x64\Release\soil2-debug.pdb'; linking object as if no debug info
  SunEarthMoon.vcxproj -> F:\SunEarthMoon\x64\Release\SunEarthMoon.exe
